Using pre-set license
Built from '2020.3/staging' branch; Version is '2020.3.8f1 (507919d4fff5) revision 5273881'; Using compiler version '192528614'; Build Type 'Release'
OS: 'Windows 10 Home; OS build 19043.1165; Version 2009; 64bit' Language: 'ru' Physical Memory: 16328 MB
BatchMode: 1, IsHumanControllingUs: 0, StartBugReporterOnCrash: 0, Is64bit: 1, IsPro: 0

 COMMAND LINE ARGUMENTS:
D:\Unity\UnityEditors\2020.3.8f1\Editor\Unity.exe
-adb2
-batchMode
-noUpm
-name
AssetImportWorker0
-projectPath
D:/Unity/EggDev
-logFile
Logs/AssetImportWorker0.log
-srvPort
63305
Successfully changed project path to: D:/Unity/EggDev
D:/Unity/EggDev
Using Asset Import Pipeline V2.
Refreshing native plugins compatible for Editor in 46.17 ms, found 1 plugins.
Preloading 0 native plugins for Editor in 0.00 ms.
Initialize engine version: 2020.3.8f1 (507919d4fff5)
[Subsystems] Discovering subsystems at path D:/Unity/UnityEditors/2020.3.8f1/Editor/Data/Resources/UnitySubsystems
[Subsystems] Discovering subsystems at path D:/Unity/EggDev/Assets
GfxDevice: creating device client; threaded=0
Direct3D:
    Version:  Direct3D 11.0 [level 11.1]
    Renderer: NVIDIA GeForce GTX 970 (ID=0x13c2)
    Vendor:   
    VRAM:     4043 MB
    Driver:   27.21.14.5671
Initialize mono
Mono path[0] = 'D:/Unity/UnityEditors/2020.3.8f1/Editor/Data/Managed'
Mono path[1] = 'D:/Unity/UnityEditors/2020.3.8f1/Editor/Data/MonoBleedingEdge/lib/mono/unityjit'
Mono config path = 'D:/Unity/UnityEditors/2020.3.8f1/Editor/Data/MonoBleedingEdge/etc'
Using monoOptions --debugger-agent=transport=dt_socket,embedding=1,server=y,suspend=n,address=127.0.0.1:56612
Begin MonoManager ReloadAssembly
Registering precompiled unity dll's ...
Register platform support module: D:/Unity/UnityEditors/2020.3.8f1/Editor/Data/PlaybackEngines/WindowsStandaloneSupport/UnityEditor.WindowsStandalone.Extensions.dll
Registered in 0.001033 seconds.
Native extension for WindowsStandalone target not found
Refreshing native plugins compatible for Editor in 42.58 ms, found 1 plugins.
Preloading 0 native plugins for Editor in 0.00 ms.
Mono: successfully reloaded assembly
- Completed reload, in  2.380 seconds
Platform modules already initialized, skipping
Registering precompiled user dll's ...
Registered in 0.002377 seconds.
Begin MonoManager ReloadAssembly
Native extension for WindowsStandalone target not found
Refreshing native plugins compatible for Editor in 46.99 ms, found 1 plugins.
Preloading 0 native plugins for Editor in 0.00 ms.
Mono: successfully reloaded assembly
- Completed reload, in  1.146 seconds
Platform modules already initialized, skipping
========================================================================
Worker process is ready to serve import requests
Launched and connected shader compiler UnityShaderCompiler.exe after 0.05 seconds
Refreshing native plugins compatible for Editor in 0.78 ms, found 1 plugins.
Preloading 0 native plugins for Editor in 0.00 ms.
Unloading 2112 Unused Serialized files (Serialized files now loaded: 0)
System memory in use before: 94.7 MB.
System memory in use after: 94.7 MB.

Unloading 33 unused Assets to reduce memory usage. Loaded Objects now: 2546.
Total: 6.076000 ms (FindLiveObjects: 0.218600 ms CreateObjectMapping: 0.098900 ms MarkObjects: 5.594900 ms  DeleteObjects: 0.162200 ms)

========================================================================
Received Import Request.
  path: Assets/Develop/Loper/NewEggController/Prefabs/egg.prefab
  artifactKey: Guid(4e07d244fa8cb0443b4e855692c43ce2) Importer(815301076,1909f56bfc062723c751e8b465ee728b)
Start importing Assets/Develop/Loper/NewEggController/Prefabs/egg.prefab using Guid(4e07d244fa8cb0443b4e855692c43ce2) Importer(815301076,1909f56bfc062723c751e8b465ee728b)  -> (artifact id: '956dc3389ea88cb2d097563f18abfc71') in 1.065171 seconds
  Import took 1.073939 seconds .

========================================================================
Received Prepare
Registering precompiled user dll's ...
Registered in 0.000801 seconds.
Begin MonoManager ReloadAssembly
Native extension for WindowsStandalone target not found
Refreshing native plugins compatible for Editor in 0.53 ms, found 1 plugins.
Preloading 0 native plugins for Editor in 0.00 ms.
Mono: successfully reloaded assembly
- Completed reload, in  1.197 seconds
Platform modules already initialized, skipping
Switching build target platform(5) subTarget(0) extendedPlatform(0) -> platform(13) subTarget(537395200) extendedPlatform(0)
Refreshing native plugins compatible for Editor in 0.68 ms, found 1 plugins.
Preloading 0 native plugins for Editor in 0.00 ms.
Unloading 2097 Unused Serialized files (Serialized files now loaded: 0)
System memory in use before: 96.3 MB.
System memory in use after: 96.2 MB.

Unloading 21 unused Assets to reduce memory usage. Loaded Objects now: 2557.
Total: 5.718300 ms (FindLiveObjects: 0.213400 ms CreateObjectMapping: 0.077200 ms MarkObjects: 5.243300 ms  DeleteObjects: 0.182700 ms)

AssetImportParameters requested are different than current active one (requested -> active):
  custom:graphics/normal-map-encoding: 01000000000000000000000000000000 -> 02000000000000000000000000000000
========================================================================
Received Prepare
Registering precompiled user dll's ...
Registered in 0.000819 seconds.
Begin MonoManager ReloadAssembly
Native extension for WindowsStandalone target not found
Refreshing native plugins compatible for Editor in 0.57 ms, found 1 plugins.
Preloading 0 native plugins for Editor in 0.00 ms.
Mono: successfully reloaded assembly
- Completed reload, in  1.112 seconds
Platform modules already initialized, skipping
Switching build target platform(5) subTarget(0) extendedPlatform(0) -> platform(13) subTarget(537395200) extendedPlatform(0)
Refreshing native plugins compatible for Editor in 0.47 ms, found 1 plugins.
Preloading 0 native plugins for Editor in 0.00 ms.
Unloading 2097 Unused Serialized files (Serialized files now loaded: 0)
System memory in use before: 96.3 MB.
System memory in use after: 96.3 MB.

Unloading 21 unused Assets to reduce memory usage. Loaded Objects now: 2561.
Total: 8.236300 ms (FindLiveObjects: 0.215400 ms CreateObjectMapping: 0.091200 ms MarkObjects: 7.802500 ms  DeleteObjects: 0.125600 ms)

AssetImportParameters requested are different than current active one (requested -> active):
  custom:graphics/normal-map-encoding: 01000000000000000000000000000000 -> 02000000000000000000000000000000
========================================================================
Received Import Request.
  Time since last request: 28.947012 seconds.
  path: Assets/Develop/Loper/NewEggController/Prefabs/egg.prefab
  artifactKey: Guid(4e07d244fa8cb0443b4e855692c43ce2) Importer(815301076,1909f56bfc062723c751e8b465ee728b)
Start importing Assets/Develop/Loper/NewEggController/Prefabs/egg.prefab using Guid(4e07d244fa8cb0443b4e855692c43ce2) Importer(815301076,1909f56bfc062723c751e8b465ee728b)  -> (artifact id: '158077ac737468572f8a8fda4618acd2') in 0.758696 seconds
  Import took 0.766351 seconds .

========================================================================
Received Import Request.
  Time since last request: 38.808427 seconds.
  path: Assets/Develop/Loper/NewEggController/Prefabs/egg.prefab
  artifactKey: Guid(4e07d244fa8cb0443b4e855692c43ce2) Importer(815301076,1909f56bfc062723c751e8b465ee728b)
Start importing Assets/Develop/Loper/NewEggController/Prefabs/egg.prefab using Guid(4e07d244fa8cb0443b4e855692c43ce2) Importer(815301076,1909f56bfc062723c751e8b465ee728b)  -> (artifact id: '29fdf608502d076d2463ee18d576fb74') in 0.526838 seconds
  Import took 0.533778 seconds .

========================================================================
Received Prepare
Registering precompiled user dll's ...
Registered in 0.000761 seconds.
Begin MonoManager ReloadAssembly
Native extension for WindowsStandalone target not found
Refreshing native plugins compatible for Editor in 0.49 ms, found 1 plugins.
Preloading 0 native plugins for Editor in 0.00 ms.
Mono: successfully reloaded assembly
- Completed reload, in  1.107 seconds
Platform modules already initialized, skipping
Switching build target platform(5) subTarget(0) extendedPlatform(0) -> platform(13) subTarget(537395200) extendedPlatform(0)
Refreshing native plugins compatible for Editor in 0.47 ms, found 1 plugins.
Preloading 0 native plugins for Editor in 0.00 ms.
Unloading 2097 Unused Serialized files (Serialized files now loaded: 0)
System memory in use before: 96.3 MB.
System memory in use after: 96.3 MB.

Unloading 21 unused Assets to reduce memory usage. Loaded Objects now: 2566.
Total: 4.644000 ms (FindLiveObjects: 0.185500 ms CreateObjectMapping: 0.074500 ms MarkObjects: 4.266200 ms  DeleteObjects: 0.116800 ms)

AssetImportParameters requested are different than current active one (requested -> active):
  custom:graphics/normal-map-encoding: 01000000000000000000000000000000 -> 02000000000000000000000000000000
========================================================================
Received Import Request.
  Time since last request: 4.506235 seconds.
  path: Assets/Develop/Loper/NewEggController/Prefabs/egg.prefab
  artifactKey: Guid(4e07d244fa8cb0443b4e855692c43ce2) Importer(815301076,1909f56bfc062723c751e8b465ee728b)
Start importing Assets/Develop/Loper/NewEggController/Prefabs/egg.prefab using Guid(4e07d244fa8cb0443b4e855692c43ce2) Importer(815301076,1909f56bfc062723c751e8b465ee728b)  -> (artifact id: 'e555e6f0457e9c5bd4d833ae3902f175') in 0.591018 seconds
  Import took 0.596934 seconds .

========================================================================
Received Import Request.
  Time since last request: 143.014515 seconds.
  path: Assets/Develop/Loper/NewEggController/Prefabs/egg.prefab
  artifactKey: Guid(4e07d244fa8cb0443b4e855692c43ce2) Importer(815301076,1909f56bfc062723c751e8b465ee728b)
Start importing Assets/Develop/Loper/NewEggController/Prefabs/egg.prefab using Guid(4e07d244fa8cb0443b4e855692c43ce2) Importer(815301076,1909f56bfc062723c751e8b465ee728b)  -> (artifact id: '6776b1d82d0f783c548f6ed82190f971') in 0.543088 seconds
  Import took 0.556722 seconds .

========================================================================
Received Prepare
Registering precompiled user dll's ...
Registered in 0.000795 seconds.
Begin MonoManager ReloadAssembly
Native extension for WindowsStandalone target not found
Refreshing native plugins compatible for Editor in 0.49 ms, found 1 plugins.
Preloading 0 native plugins for Editor in 0.00 ms.
Mono: successfully reloaded assembly
- Completed reload, in  1.121 seconds
Platform modules already initialized, skipping
Switching build target platform(5) subTarget(0) extendedPlatform(0) -> platform(13) subTarget(537395200) extendedPlatform(0)
Refreshing native plugins compatible for Editor in 0.46 ms, found 1 plugins.
Preloading 0 native plugins for Editor in 0.00 ms.
Unloading 2097 Unused Serialized files (Serialized files now loaded: 0)
System memory in use before: 96.4 MB.
System memory in use after: 96.3 MB.

Unloading 21 unused Assets to reduce memory usage. Loaded Objects now: 2571.
Total: 5.811200 ms (FindLiveObjects: 0.293600 ms CreateObjectMapping: 0.125700 ms MarkObjects: 5.246100 ms  DeleteObjects: 0.144800 ms)

AssetImportParameters requested are different than current active one (requested -> active):
  custom:graphics/normal-map-encoding: 01000000000000000000000000000000 -> 02000000000000000000000000000000
========================================================================
Received Import Request.
  Time since last request: 4.645982 seconds.
  path: Assets/Develop/Loper/NewEggController/Prefabs/egg.prefab
  artifactKey: Guid(4e07d244fa8cb0443b4e855692c43ce2) Importer(815301076,1909f56bfc062723c751e8b465ee728b)
Start importing Assets/Develop/Loper/NewEggController/Prefabs/egg.prefab using Guid(4e07d244fa8cb0443b4e855692c43ce2) Importer(815301076,1909f56bfc062723c751e8b465ee728b)  -> (artifact id: '72694699f61a1f9ce63f514e0d8b52f7') in 0.657068 seconds
  Import took 0.664853 seconds .

========================================================================
Received Prepare
Registering precompiled user dll's ...
Registered in 0.000806 seconds.
Begin MonoManager ReloadAssembly
Native extension for WindowsStandalone target not found
Refreshing native plugins compatible for Editor in 0.57 ms, found 1 plugins.
Preloading 0 native plugins for Editor in 0.00 ms.
Mono: successfully reloaded assembly
- Completed reload, in  1.272 seconds
Platform modules already initialized, skipping
Switching build target platform(5) subTarget(0) extendedPlatform(0) -> platform(13) subTarget(537395200) extendedPlatform(0)
Refreshing native plugins compatible for Editor in 0.46 ms, found 1 plugins.
Preloading 0 native plugins for Editor in 0.00 ms.
Unloading 2097 Unused Serialized files (Serialized files now loaded: 0)
System memory in use before: 96.4 MB.
System memory in use after: 96.3 MB.

Unloading 21 unused Assets to reduce memory usage. Loaded Objects now: 2576.
Total: 6.172700 ms (FindLiveObjects: 0.256000 ms CreateObjectMapping: 0.075700 ms MarkObjects: 5.634000 ms  DeleteObjects: 0.205700 ms)

AssetImportParameters requested are different than current active one (requested -> active):
  custom:graphics/normal-map-encoding: 01000000000000000000000000000000 -> 02000000000000000000000000000000
========================================================================
Received Import Request.
  Time since last request: 27.576001 seconds.
  path: Assets/Develop/Loper/NewEggController/Prefabs/egg.prefab
  artifactKey: Guid(4e07d244fa8cb0443b4e855692c43ce2) Importer(815301076,1909f56bfc062723c751e8b465ee728b)
Start importing Assets/Develop/Loper/NewEggController/Prefabs/egg.prefab using Guid(4e07d244fa8cb0443b4e855692c43ce2) Importer(815301076,1909f56bfc062723c751e8b465ee728b)  -> (artifact id: 'eeb2c336e25633705732705e87e18459') in 0.642129 seconds
  Import took 0.651173 seconds .

========================================================================
Received Import Request.
  Time since last request: 6.995889 seconds.
  path: Assets/Develop/Loper/NewEggController/Prefabs/egg.prefab
  artifactKey: Guid(4e07d244fa8cb0443b4e855692c43ce2) Importer(815301076,1909f56bfc062723c751e8b465ee728b)
Start importing Assets/Develop/Loper/NewEggController/Prefabs/egg.prefab using Guid(4e07d244fa8cb0443b4e855692c43ce2) Importer(815301076,1909f56bfc062723c751e8b465ee728b)  -> (artifact id: '2cc6c94d589a25c10f05857a5a43cf25') in 0.590739 seconds
  Import took 0.598577 seconds .

========================================================================
Received Prepare
Registering precompiled user dll's ...
Registered in 0.000727 seconds.
Begin MonoManager ReloadAssembly
Native extension for WindowsStandalone target not found
Refreshing native plugins compatible for Editor in 0.47 ms, found 1 plugins.
Preloading 0 native plugins for Editor in 0.00 ms.
Mono: successfully reloaded assembly
- Completed reload, in  1.144 seconds
Platform modules already initialized, skipping
Switching build target platform(5) subTarget(0) extendedPlatform(0) -> platform(13) subTarget(537395200) extendedPlatform(0)
Refreshing native plugins compatible for Editor in 0.56 ms, found 1 plugins.
Preloading 0 native plugins for Editor in 0.00 ms.
Unloading 2097 Unused Serialized files (Serialized files now loaded: 0)
System memory in use before: 96.4 MB.
System memory in use after: 96.4 MB.

Unloading 21 unused Assets to reduce memory usage. Loaded Objects now: 2581.
Total: 5.687100 ms (FindLiveObjects: 0.217100 ms CreateObjectMapping: 0.096600 ms MarkObjects: 5.249500 ms  DeleteObjects: 0.122600 ms)

AssetImportParameters requested are different than current active one (requested -> active):
  custom:graphics/normal-map-encoding: 01000000000000000000000000000000 -> 02000000000000000000000000000000
========================================================================
Received Import Request.
  Time since last request: 9.713919 seconds.
  path: Assets/Develop/Loper/NewEggController/Prefabs/egg.prefab
  artifactKey: Guid(4e07d244fa8cb0443b4e855692c43ce2) Importer(815301076,1909f56bfc062723c751e8b465ee728b)
Start importing Assets/Develop/Loper/NewEggController/Prefabs/egg.prefab using Guid(4e07d244fa8cb0443b4e855692c43ce2) Importer(815301076,1909f56bfc062723c751e8b465ee728b)  -> (artifact id: 'c895581b5d6fa2543e3d049111adbeea') in 0.652626 seconds
  Import took 0.659696 seconds .

========================================================================
Received Import Request.
  Time since last request: 6.564127 seconds.
  path: Assets/Develop/Loper/NewEggController/Prefabs/egg.prefab
  artifactKey: Guid(4e07d244fa8cb0443b4e855692c43ce2) Importer(815301076,1909f56bfc062723c751e8b465ee728b)
Start importing Assets/Develop/Loper/NewEggController/Prefabs/egg.prefab using Guid(4e07d244fa8cb0443b4e855692c43ce2) Importer(815301076,1909f56bfc062723c751e8b465ee728b)  -> (artifact id: '1e0efa562a4dbfa72e7286de177d162c') in 0.596086 seconds
  Import took 0.603571 seconds .

========================================================================
Received Prepare
Registering precompiled user dll's ...
Registered in 0.000880 seconds.
Begin MonoManager ReloadAssembly
Native extension for WindowsStandalone target not found
Refreshing native plugins compatible for Editor in 0.51 ms, found 1 plugins.
Preloading 0 native plugins for Editor in 0.00 ms.
Mono: successfully reloaded assembly
- Completed reload, in  1.198 seconds
Platform modules already initialized, skipping
Switching build target platform(5) subTarget(0) extendedPlatform(0) -> platform(13) subTarget(537395200) extendedPlatform(0)
Refreshing native plugins compatible for Editor in 0.48 ms, found 1 plugins.
Preloading 0 native plugins for Editor in 0.00 ms.
Unloading 2097 Unused Serialized files (Serialized files now loaded: 0)
System memory in use before: 96.4 MB.
System memory in use after: 96.4 MB.

Unloading 21 unused Assets to reduce memory usage. Loaded Objects now: 2586.
Total: 5.401100 ms (FindLiveObjects: 0.192900 ms CreateObjectMapping: 0.076200 ms MarkObjects: 5.014000 ms  DeleteObjects: 0.116700 ms)

AssetImportParameters requested are different than current active one (requested -> active):
  custom:graphics/normal-map-encoding: 01000000000000000000000000000000 -> 02000000000000000000000000000000
AssetImportWorkerClient::OnTransportError - code=2 error=End of file
