Using pre-set license
Built from '2020.3/staging' branch; Version is '2020.3.8f1 (507919d4fff5) revision 5273881'; Using compiler version '192528614'; Build Type 'Release'
OS: 'Windows 10 Home; OS build 19043.1288; Version 2009; 64bit' Language: 'ru' Physical Memory: 16328 MB
BatchMode: 1, IsHumanControllingUs: 0, StartBugReporterOnCrash: 0, Is64bit: 1, IsPro: 0

 COMMAND LINE ARGUMENTS:
D:\Unity\UnityEditors\2020.3.8f1\Editor\Unity.exe
-adb2
-batchMode
-noUpm
-name
AssetImportWorker0
-projectPath
D:/Unity/EggDev
-logFile
Logs/AssetImportWorker0.log
-srvPort
51263
Successfully changed project path to: D:/Unity/EggDev
D:/Unity/EggDev
Using Asset Import Pipeline V2.
Refreshing native plugins compatible for Editor in 41.17 ms, found 1 plugins.
Preloading 0 native plugins for Editor in 0.00 ms.
Initialize engine version: 2020.3.8f1 (507919d4fff5)
[Subsystems] Discovering subsystems at path D:/Unity/UnityEditors/2020.3.8f1/Editor/Data/Resources/UnitySubsystems
[Subsystems] Discovering subsystems at path D:/Unity/EggDev/Assets
GfxDevice: creating device client; threaded=0
Direct3D:
    Version:  Direct3D 11.0 [level 11.1]
    Renderer: NVIDIA GeForce GTX 970 (ID=0x13c2)
    Vendor:   
    VRAM:     4043 MB
    Driver:   30.0.14.7212
Initialize mono
Mono path[0] = 'D:/Unity/UnityEditors/2020.3.8f1/Editor/Data/Managed'
Mono path[1] = 'D:/Unity/UnityEditors/2020.3.8f1/Editor/Data/MonoBleedingEdge/lib/mono/unityjit'
Mono config path = 'D:/Unity/UnityEditors/2020.3.8f1/Editor/Data/MonoBleedingEdge/etc'
Using monoOptions --debugger-agent=transport=dt_socket,embedding=1,server=y,suspend=n,address=127.0.0.1:56056
Begin MonoManager ReloadAssembly
Registering precompiled unity dll's ...
Register platform support module: D:/Unity/UnityEditors/2020.3.8f1/Editor/Data/PlaybackEngines/WindowsStandaloneSupport/UnityEditor.WindowsStandalone.Extensions.dll
Registered in 0.000993 seconds.
Native extension for WindowsStandalone target not found
Refreshing native plugins compatible for Editor in 41.90 ms, found 1 plugins.
Preloading 0 native plugins for Editor in 0.00 ms.
Mono: successfully reloaded assembly
- Completed reload, in  1.900 seconds
Platform modules already initialized, skipping
Registering precompiled user dll's ...
Registered in 0.000810 seconds.
Begin MonoManager ReloadAssembly
Native extension for WindowsStandalone target not found
Refreshing native plugins compatible for Editor in 64.53 ms, found 1 plugins.
Preloading 0 native plugins for Editor in 0.00 ms.
Mono: successfully reloaded assembly
- Completed reload, in  1.145 seconds
Platform modules already initialized, skipping
========================================================================
Worker process is ready to serve import requests
Launched and connected shader compiler UnityShaderCompiler.exe after 0.08 seconds
Refreshing native plugins compatible for Editor in 0.86 ms, found 1 plugins.
Preloading 0 native plugins for Editor in 0.00 ms.
Unloading 2119 Unused Serialized files (Serialized files now loaded: 0)
System memory in use before: 94.9 MB.
System memory in use after: 94.8 MB.

Unloading 33 unused Assets to reduce memory usage. Loaded Objects now: 2553.
Total: 6.519200 ms (FindLiveObjects: 0.240900 ms CreateObjectMapping: 0.157500 ms MarkObjects: 5.893900 ms  DeleteObjects: 0.225700 ms)

========================================================================
Received Import Request.
  path: Assets/EggsData/EggsSprites/EggPlaceholder.psb
  artifactKey: Guid(e755ca43af822694b87cf16b2685cf16) Importer(815301076,1909f56bfc062723c751e8b465ee728b)
Start importing Assets/EggsData/EggsSprites/EggPlaceholder.psb using Guid(e755ca43af822694b87cf16b2685cf16) Importer(815301076,1909f56bfc062723c751e8b465ee728b)  -> (artifact id: '5d60264d001afd37177baf68e89aa2f6') in 0.234034 seconds
  Import took 0.237841 seconds .

========================================================================
Received Import Request.
  Time since last request: 36.494028 seconds.
  path: Assets/EggsData/EggsSprites/EggPlaceholder.psb
  artifactKey: Guid(e755ca43af822694b87cf16b2685cf16) Importer(815301076,1909f56bfc062723c751e8b465ee728b)
Start importing Assets/EggsData/EggsSprites/EggPlaceholder.psb using Guid(e755ca43af822694b87cf16b2685cf16) Importer(815301076,1909f56bfc062723c751e8b465ee728b)  -> (artifact id: '2fb1eb8c77b7957228a1481a38e0872a') in 0.054157 seconds
  Import took 0.058381 seconds .

========================================================================
Received Import Request.
  Time since last request: 146.590885 seconds.
  path: Assets/Scripts/Cosmetic/GlobalCosmetiicManager.cs
  artifactKey: Guid(160bcb03976def54e89acc4aacc422e1) Importer(815301076,1909f56bfc062723c751e8b465ee728b)
Start importing Assets/Scripts/Cosmetic/GlobalCosmetiicManager.cs using Guid(160bcb03976def54e89acc4aacc422e1) Importer(815301076,1909f56bfc062723c751e8b465ee728b)  -> (artifact id: '833f1d7ffa6b1d2f44739bd63c3e6f83') in 0.055148 seconds
  Import took 0.061035 seconds .

========================================================================
Received Prepare
Registering precompiled user dll's ...
Registered in 0.000761 seconds.
Begin MonoManager ReloadAssembly
Native extension for WindowsStandalone target not found
Refreshing native plugins compatible for Editor in 0.51 ms, found 1 plugins.
Preloading 0 native plugins for Editor in 0.00 ms.
Mono: successfully reloaded assembly
- Completed reload, in  1.070 seconds
Platform modules already initialized, skipping
Switching build target platform(5) subTarget(0) extendedPlatform(0) -> platform(13) subTarget(537395200) extendedPlatform(0)
Refreshing native plugins compatible for Editor in 0.71 ms, found 1 plugins.
Preloading 0 native plugins for Editor in 0.00 ms.
Unloading 2104 Unused Serialized files (Serialized files now loaded: 0)
System memory in use before: 96.4 MB.
System memory in use after: 96.4 MB.

Unloading 21 unused Assets to reduce memory usage. Loaded Objects now: 2567.
Total: 5.852700 ms (FindLiveObjects: 0.346400 ms CreateObjectMapping: 0.246300 ms MarkObjects: 5.127600 ms  DeleteObjects: 0.131000 ms)

AssetImportParameters requested are different than current active one (requested -> active):
  custom:graphics/normal-map-encoding: 01000000000000000000000000000000 -> 02000000000000000000000000000000
========================================================================
Received Prepare
Registering precompiled user dll's ...
Registered in 0.000851 seconds.
Begin MonoManager ReloadAssembly
Native extension for WindowsStandalone target not found
Refreshing native plugins compatible for Editor in 0.49 ms, found 1 plugins.
Preloading 0 native plugins for Editor in 0.00 ms.
Mono: successfully reloaded assembly
- Completed reload, in  1.069 seconds
Platform modules already initialized, skipping
Switching build target platform(5) subTarget(0) extendedPlatform(0) -> platform(13) subTarget(537395200) extendedPlatform(0)
Refreshing native plugins compatible for Editor in 0.54 ms, found 1 plugins.
Preloading 0 native plugins for Editor in 0.00 ms.
Unloading 2104 Unused Serialized files (Serialized files now loaded: 0)
System memory in use before: 96.5 MB.
System memory in use after: 96.4 MB.

Unloading 21 unused Assets to reduce memory usage. Loaded Objects now: 2571.
Total: 6.726800 ms (FindLiveObjects: 0.356300 ms CreateObjectMapping: 0.099400 ms MarkObjects: 6.131000 ms  DeleteObjects: 0.138400 ms)

AssetImportParameters requested are different than current active one (requested -> active):
  custom:graphics/normal-map-encoding: 01000000000000000000000000000000 -> 02000000000000000000000000000000
========================================================================
Received Import Request.
  Time since last request: 1259.678790 seconds.
  path: Assets/Scripts/ExtensionMethods.cs
  artifactKey: Guid(da8d1af59c5331648a715a07c4f16240) Importer(815301076,1909f56bfc062723c751e8b465ee728b)
Start importing Assets/Scripts/ExtensionMethods.cs using Guid(da8d1af59c5331648a715a07c4f16240) Importer(815301076,1909f56bfc062723c751e8b465ee728b)  -> (artifact id: 'e9293ac100b89e6d4276ff0f005bcfdf') in 0.012680 seconds
  Import took 0.016905 seconds .

========================================================================
Received Import Request.
  Time since last request: 0.035930 seconds.
  path: Assets/Scripts/ExtensionMethods.cs
  artifactKey: Guid(da8d1af59c5331648a715a07c4f16240) Importer(815301076,1909f56bfc062723c751e8b465ee728b)
Start importing Assets/Scripts/ExtensionMethods.cs using Guid(da8d1af59c5331648a715a07c4f16240) Importer(815301076,1909f56bfc062723c751e8b465ee728b)  -> (artifact id: 'e9293ac100b89e6d4276ff0f005bcfdf') in 0.003459 seconds
  Import took 0.009227 seconds .

========================================================================
Received Prepare
Registering precompiled user dll's ...
Registered in 0.001186 seconds.
Begin MonoManager ReloadAssembly
Native extension for WindowsStandalone target not found
Refreshing native plugins compatible for Editor in 0.63 ms, found 1 plugins.
Preloading 0 native plugins for Editor in 0.00 ms.
Mono: successfully reloaded assembly
- Completed reload, in  1.068 seconds
Platform modules already initialized, skipping
Switching build target platform(5) subTarget(0) extendedPlatform(0) -> platform(13) subTarget(537395200) extendedPlatform(0)
Refreshing native plugins compatible for Editor in 0.84 ms, found 1 plugins.
Preloading 0 native plugins for Editor in 0.00 ms.
Unloading 2105 Unused Serialized files (Serialized files now loaded: 0)
System memory in use before: 96.5 MB.
System memory in use after: 96.5 MB.

Unloading 21 unused Assets to reduce memory usage. Loaded Objects now: 2576.
Total: 6.192100 ms (FindLiveObjects: 0.341200 ms CreateObjectMapping: 0.241300 ms MarkObjects: 5.408000 ms  DeleteObjects: 0.200300 ms)

AssetImportParameters requested are different than current active one (requested -> active):
  custom:graphics/normal-map-encoding: 01000000000000000000000000000000 -> 02000000000000000000000000000000
========================================================================
Received Import Request.
  Time since last request: 28.116562 seconds.
  path: Assets/Scripts/ExtensionMethods.cs
  artifactKey: Guid(da8d1af59c5331648a715a07c4f16240) Importer(815301076,1909f56bfc062723c751e8b465ee728b)
Start importing Assets/Scripts/ExtensionMethods.cs using Guid(da8d1af59c5331648a715a07c4f16240) Importer(815301076,1909f56bfc062723c751e8b465ee728b)  -> (artifact id: '934648e927dd4d5eff93154079add5fc') in 0.005512 seconds
  Import took 0.009699 seconds .

========================================================================
Received Prepare
Registering precompiled user dll's ...
Registered in 0.000798 seconds.
Begin MonoManager ReloadAssembly
Native extension for WindowsStandalone target not found
Refreshing native plugins compatible for Editor in 0.49 ms, found 1 plugins.
Preloading 0 native plugins for Editor in 0.00 ms.
Mono: successfully reloaded assembly
- Completed reload, in  1.057 seconds
Platform modules already initialized, skipping
Switching build target platform(5) subTarget(0) extendedPlatform(0) -> platform(13) subTarget(537395200) extendedPlatform(0)
Refreshing native plugins compatible for Editor in 1.02 ms, found 1 plugins.
Preloading 0 native plugins for Editor in 0.00 ms.
Unloading 2105 Unused Serialized files (Serialized files now loaded: 0)
System memory in use before: 96.5 MB.
System memory in use after: 96.5 MB.

Unloading 21 unused Assets to reduce memory usage. Loaded Objects now: 2580.
Total: 7.554100 ms (FindLiveObjects: 0.280900 ms CreateObjectMapping: 0.111200 ms MarkObjects: 7.017500 ms  DeleteObjects: 0.143100 ms)

AssetImportParameters requested are different than current active one (requested -> active):
  custom:graphics/normal-map-encoding: 01000000000000000000000000000000 -> 02000000000000000000000000000000
========================================================================
Received Prepare
Registering precompiled user dll's ...
Registered in 0.000878 seconds.
Begin MonoManager ReloadAssembly
Native extension for WindowsStandalone target not found
Refreshing native plugins compatible for Editor in 0.50 ms, found 1 plugins.
Preloading 0 native plugins for Editor in 0.00 ms.
Mono: successfully reloaded assembly
- Completed reload, in  1.250 seconds
Platform modules already initialized, skipping
Switching build target platform(5) subTarget(0) extendedPlatform(0) -> platform(13) subTarget(537395200) extendedPlatform(0)
Refreshing native plugins compatible for Editor in 0.76 ms, found 1 plugins.
Preloading 0 native plugins for Editor in 0.00 ms.
Unloading 2105 Unused Serialized files (Serialized files now loaded: 0)
System memory in use before: 96.6 MB.
System memory in use after: 96.5 MB.

Unloading 21 unused Assets to reduce memory usage. Loaded Objects now: 2584.
Total: 10.056400 ms (FindLiveObjects: 0.392200 ms CreateObjectMapping: 0.233100 ms MarkObjects: 9.154400 ms  DeleteObjects: 0.274900 ms)

AssetImportParameters requested are different than current active one (requested -> active):
  custom:graphics/normal-map-encoding: 01000000000000000000000000000000 -> 02000000000000000000000000000000
========================================================================
Received Import Request.
  Time since last request: 4972.249810 seconds.
  path: Assets/EggsData/Resources/DefaultEgg 1.asset
  artifactKey: Guid(4bdc00efc3a4de24e98b34987d6d5b68) Importer(815301076,1909f56bfc062723c751e8b465ee728b)
Start importing Assets/EggsData/Resources/DefaultEgg 1.asset using Guid(4bdc00efc3a4de24e98b34987d6d5b68) Importer(815301076,1909f56bfc062723c751e8b465ee728b)  -> (artifact id: 'fbfac42a9275cb0b894f3e8d526f7c40') in 0.077969 seconds
  Import took 0.086587 seconds .

========================================================================
Received Import Request.
  Time since last request: 0.000365 seconds.
  path: Assets/EggsData/Resources/DefaultEgg.asset
  artifactKey: Guid(4546bdf83a4efb94bb942afaf97f424f) Importer(815301076,1909f56bfc062723c751e8b465ee728b)
Start importing Assets/EggsData/Resources/DefaultEgg.asset using Guid(4546bdf83a4efb94bb942afaf97f424f) Importer(815301076,1909f56bfc062723c751e8b465ee728b)  -> (artifact id: 'b9c3f265e87eb10bd828e01fad125125') in 0.008000 seconds
  Import took 0.012827 seconds .

========================================================================
Received Import Request.
  Time since last request: 0.854702 seconds.
  path: Assets/EggsData/Resources/DefaultEgg 1.asset
  artifactKey: Guid(4bdc00efc3a4de24e98b34987d6d5b68) Importer(815301076,1909f56bfc062723c751e8b465ee728b)
Start importing Assets/EggsData/Resources/DefaultEgg 1.asset using Guid(4bdc00efc3a4de24e98b34987d6d5b68) Importer(815301076,1909f56bfc062723c751e8b465ee728b)  -> (artifact id: 'cff036fbcafb1edf3d72725990b3a4ec') in 0.005110 seconds
  Import took 0.009480 seconds .

========================================================================
Received Import Request.
  Time since last request: 0.000239 seconds.
  path: Assets/EggsData/Resources/DefaultEgg 2.asset
  artifactKey: Guid(f42b9e23da65514499a465a7b13bda3b) Importer(815301076,1909f56bfc062723c751e8b465ee728b)
Start importing Assets/EggsData/Resources/DefaultEgg 2.asset using Guid(f42b9e23da65514499a465a7b13bda3b) Importer(815301076,1909f56bfc062723c751e8b465ee728b)  -> (artifact id: '29279530cefbd479815e2a7bf4ac9ff8') in 0.009475 seconds
  Import took 0.013359 seconds .

========================================================================
Received Import Request.
  Time since last request: 5.072370 seconds.
  path: Assets/EggsData/Resources/Strips.asset
  artifactKey: Guid(f42b9e23da65514499a465a7b13bda3b) Importer(815301076,1909f56bfc062723c751e8b465ee728b)
Start importing Assets/EggsData/Resources/Strips.asset using Guid(f42b9e23da65514499a465a7b13bda3b) Importer(815301076,1909f56bfc062723c751e8b465ee728b)  -> (artifact id: '3017af0fcbb217f405e9bf9a6bbfec8b') in 0.011560 seconds
  Import took 0.016606 seconds .

========================================================================
Received Import Request.
  Time since last request: 10.516872 seconds.
  path: Assets/EggsData/Resources/Ditted.asset
  artifactKey: Guid(4bdc00efc3a4de24e98b34987d6d5b68) Importer(815301076,1909f56bfc062723c751e8b465ee728b)
Start importing Assets/EggsData/Resources/Ditted.asset using Guid(4bdc00efc3a4de24e98b34987d6d5b68) Importer(815301076,1909f56bfc062723c751e8b465ee728b)  -> (artifact id: '8aba0f3bdcae0c1bd7d3953b50c013af') in 0.031549 seconds
  Import took 0.035550 seconds .

========================================================================
Received Import Request.
  Time since last request: 16.219434 seconds.
  path: Assets/EggsData/EggsSprites/EggPlaceholder.psb
  artifactKey: Guid(e755ca43af822694b87cf16b2685cf16) Importer(815301076,1909f56bfc062723c751e8b465ee728b)
Start importing Assets/EggsData/EggsSprites/EggPlaceholder.psb using Guid(e755ca43af822694b87cf16b2685cf16) Importer(815301076,1909f56bfc062723c751e8b465ee728b)  -> (artifact id: '4c92eda5dd0e66b2892cf2da56889128') in 0.210425 seconds
  Import took 0.214789 seconds .

========================================================================
Received Import Request.
  Time since last request: 8.820224 seconds.
  path: Assets/EggsData/Resources/Dotted.asset
  artifactKey: Guid(4bdc00efc3a4de24e98b34987d6d5b68) Importer(815301076,1909f56bfc062723c751e8b465ee728b)
Start importing Assets/EggsData/Resources/Dotted.asset using Guid(4bdc00efc3a4de24e98b34987d6d5b68) Importer(815301076,1909f56bfc062723c751e8b465ee728b)  -> (artifact id: '9d052d0e0be5b47cc2520f5bfae6abf5') in 0.008165 seconds
  Import took 0.013330 seconds .

========================================================================
Received Import Request.
  Time since last request: 11.528969 seconds.
  path: Assets/EggsData/Resources/Dotted.asset
  artifactKey: Guid(4bdc00efc3a4de24e98b34987d6d5b68) Importer(815301076,1909f56bfc062723c751e8b465ee728b)
Start importing Assets/EggsData/Resources/Dotted.asset using Guid(4bdc00efc3a4de24e98b34987d6d5b68) Importer(815301076,1909f56bfc062723c751e8b465ee728b)  -> (artifact id: '69ff50877140450f6c65150651fedb9d') in 0.003010 seconds
  Import took 0.008072 seconds .

========================================================================
Received Import Request.
  Time since last request: 0.000189 seconds.
  path: Assets/EggsData/Resources/Strips.asset
  artifactKey: Guid(f42b9e23da65514499a465a7b13bda3b) Importer(815301076,1909f56bfc062723c751e8b465ee728b)
Start importing Assets/EggsData/Resources/Strips.asset using Guid(f42b9e23da65514499a465a7b13bda3b) Importer(815301076,1909f56bfc062723c751e8b465ee728b)  -> (artifact id: '2dead11cac943088576245134428ec72') in 0.002734 seconds
  Import took 0.007398 seconds .

========================================================================
Received Prepare
Registering precompiled user dll's ...
Registered in 0.000784 seconds.
Begin MonoManager ReloadAssembly
Native extension for WindowsStandalone target not found
Refreshing native plugins compatible for Editor in 0.49 ms, found 1 plugins.
Preloading 0 native plugins for Editor in 0.00 ms.
Mono: successfully reloaded assembly
- Completed reload, in  1.085 seconds
Platform modules already initialized, skipping
Switching build target platform(5) subTarget(0) extendedPlatform(0) -> platform(13) subTarget(537395200) extendedPlatform(0)
Refreshing native plugins compatible for Editor in 0.53 ms, found 1 plugins.
Preloading 0 native plugins for Editor in 0.00 ms.
Unloading 2105 Unused Serialized files (Serialized files now loaded: 0)
System memory in use before: 96.6 MB.
System memory in use after: 96.6 MB.

Unloading 21 unused Assets to reduce memory usage. Loaded Objects now: 2589.
Total: 7.214800 ms (FindLiveObjects: 0.285600 ms CreateObjectMapping: 0.178000 ms MarkObjects: 6.464300 ms  DeleteObjects: 0.285900 ms)

AssetImportParameters requested are different than current active one (requested -> active):
  custom:graphics/normal-map-encoding: 01000000000000000000000000000000 -> 02000000000000000000000000000000
========================================================================
Received Import Request.
  Time since last request: 1394.804352 seconds.
  path: Assets/Scripts/Cosmetic/EggCosmeticController.cs
  artifactKey: Guid(39a8a5e572579ed4fa8a5241669b3f9b) Importer(815301076,1909f56bfc062723c751e8b465ee728b)
Start importing Assets/Scripts/Cosmetic/EggCosmeticController.cs using Guid(39a8a5e572579ed4fa8a5241669b3f9b) Importer(815301076,1909f56bfc062723c751e8b465ee728b)  -> (artifact id: 'f92cba53ac9159484c6891702c2b2f3e') in 0.013646 seconds
  Import took 0.017968 seconds .

========================================================================
Received Import Request.
  Time since last request: 0.004778 seconds.
  path: Assets/Scripts/Cosmetic/EggCosmeticController.cs
  artifactKey: Guid(39a8a5e572579ed4fa8a5241669b3f9b) Importer(815301076,1909f56bfc062723c751e8b465ee728b)
Start importing Assets/Scripts/Cosmetic/EggCosmeticController.cs using Guid(39a8a5e572579ed4fa8a5241669b3f9b) Importer(815301076,1909f56bfc062723c751e8b465ee728b)  -> (artifact id: 'f92cba53ac9159484c6891702c2b2f3e') in 0.001914 seconds
  Import took 0.005615 seconds .

========================================================================
Received Import Request.
  Time since last request: 7.946738 seconds.
  path: Assets/Prefab/CosmeticView/Cell.prefab
  artifactKey: Guid(28bca1572aa8c6e489fb627f9492b150) Importer(815301076,1909f56bfc062723c751e8b465ee728b)
Start importing Assets/Prefab/CosmeticView/Cell.prefab using Guid(28bca1572aa8c6e489fb627f9492b150) Importer(815301076,1909f56bfc062723c751e8b465ee728b)  -> (artifact id: '6430b66407bea4976024a2fafa4c5069') in 0.237169 seconds
  Import took 0.265351 seconds .

========================================================================
Received Prepare
Registering precompiled user dll's ...
Registered in 0.000786 seconds.
Begin MonoManager ReloadAssembly
Native extension for WindowsStandalone target not found
Refreshing native plugins compatible for Editor in 0.52 ms, found 1 plugins.
Preloading 0 native plugins for Editor in 0.00 ms.
Mono: successfully reloaded assembly
- Completed reload, in  1.192 seconds
Platform modules already initialized, skipping
Switching build target platform(5) subTarget(0) extendedPlatform(0) -> platform(13) subTarget(537395200) extendedPlatform(0)
Refreshing native plugins compatible for Editor in 0.84 ms, found 1 plugins.
Preloading 0 native plugins for Editor in 0.00 ms.
Unloading 2105 Unused Serialized files (Serialized files now loaded: 0)
System memory in use before: 96.6 MB.
System memory in use after: 96.6 MB.

Unloading 21 unused Assets to reduce memory usage. Loaded Objects now: 2593.
Total: 6.387500 ms (FindLiveObjects: 0.306700 ms CreateObjectMapping: 0.098500 ms MarkObjects: 5.801900 ms  DeleteObjects: 0.178600 ms)

AssetImportParameters requested are different than current active one (requested -> active):
  custom:graphics/normal-map-encoding: 01000000000000000000000000000000 -> 02000000000000000000000000000000
========================================================================
Received Prepare
Registering precompiled user dll's ...
Registered in 0.000825 seconds.
Begin MonoManager ReloadAssembly
Native extension for WindowsStandalone target not found
Refreshing native plugins compatible for Editor in 0.69 ms, found 1 plugins.
Preloading 0 native plugins for Editor in 0.00 ms.
Mono: successfully reloaded assembly
- Completed reload, in  1.158 seconds
Platform modules already initialized, skipping
Switching build target platform(5) subTarget(0) extendedPlatform(0) -> platform(13) subTarget(537395200) extendedPlatform(0)
Refreshing native plugins compatible for Editor in 0.81 ms, found 1 plugins.
Preloading 0 native plugins for Editor in 0.00 ms.
Unloading 2105 Unused Serialized files (Serialized files now loaded: 0)
System memory in use before: 96.6 MB.
System memory in use after: 96.6 MB.

Unloading 21 unused Assets to reduce memory usage. Loaded Objects now: 2597.
Total: 4.773700 ms (FindLiveObjects: 0.201200 ms CreateObjectMapping: 0.075200 ms MarkObjects: 4.386100 ms  DeleteObjects: 0.110200 ms)

AssetImportParameters requested are different than current active one (requested -> active):
  custom:graphics/normal-map-encoding: 01000000000000000000000000000000 -> 02000000000000000000000000000000
========================================================================
Received Import Request.
  Time since last request: 69.953626 seconds.
  path: Assets/Prefab/CosmeticView/Cell.prefab
  artifactKey: Guid(28bca1572aa8c6e489fb627f9492b150) Importer(815301076,1909f56bfc062723c751e8b465ee728b)
Start importing Assets/Prefab/CosmeticView/Cell.prefab using Guid(28bca1572aa8c6e489fb627f9492b150) Importer(815301076,1909f56bfc062723c751e8b465ee728b)  -> (artifact id: 'b85a2fbac65e8da69831a21429398457') in 0.104417 seconds
  Import took 0.108983 seconds .

========================================================================
Received Import Request.
  Time since last request: 1.817902 seconds.
  path: Assets/Prefab/CosmeticView/Cell.prefab
  artifactKey: Guid(28bca1572aa8c6e489fb627f9492b150) Importer(815301076,1909f56bfc062723c751e8b465ee728b)
Start importing Assets/Prefab/CosmeticView/Cell.prefab using Guid(28bca1572aa8c6e489fb627f9492b150) Importer(815301076,1909f56bfc062723c751e8b465ee728b)  -> (artifact id: 'fa7d9ccef24778fb2ecab7167ed3865c') in 0.029054 seconds
  Import took 0.033169 seconds .

========================================================================
Received Prepare
Registering precompiled user dll's ...
Registered in 0.000865 seconds.
Begin MonoManager ReloadAssembly
Native extension for WindowsStandalone target not found
Refreshing native plugins compatible for Editor in 0.92 ms, found 1 plugins.
Preloading 0 native plugins for Editor in 0.00 ms.
Mono: successfully reloaded assembly
- Completed reload, in  1.238 seconds
Platform modules already initialized, skipping
Switching build target platform(5) subTarget(0) extendedPlatform(0) -> platform(13) subTarget(537395200) extendedPlatform(0)
Refreshing native plugins compatible for Editor in 0.63 ms, found 1 plugins.
Preloading 0 native plugins for Editor in 0.00 ms.
Unloading 2105 Unused Serialized files (Serialized files now loaded: 0)
System memory in use before: 96.6 MB.
System memory in use after: 96.6 MB.

Unloading 21 unused Assets to reduce memory usage. Loaded Objects now: 2601.
Total: 6.097200 ms (FindLiveObjects: 0.260900 ms CreateObjectMapping: 0.097600 ms MarkObjects: 5.619800 ms  DeleteObjects: 0.117800 ms)

AssetImportParameters requested are different than current active one (requested -> active):
  custom:graphics/normal-map-encoding: 01000000000000000000000000000000 -> 02000000000000000000000000000000
========================================================================
Received Prepare
Registering precompiled user dll's ...
Registered in 0.000828 seconds.
Begin MonoManager ReloadAssembly
Native extension for WindowsStandalone target not found
Refreshing native plugins compatible for Editor in 0.48 ms, found 1 plugins.
Preloading 0 native plugins for Editor in 0.00 ms.
Mono: successfully reloaded assembly
- Completed reload, in  1.138 seconds
Platform modules already initialized, skipping
Switching build target platform(5) subTarget(0) extendedPlatform(0) -> platform(13) subTarget(537395200) extendedPlatform(0)
Refreshing native plugins compatible for Editor in 0.84 ms, found 1 plugins.
Preloading 0 native plugins for Editor in 0.00 ms.
Unloading 2105 Unused Serialized files (Serialized files now loaded: 0)
System memory in use before: 96.6 MB.
System memory in use after: 96.6 MB.

Unloading 21 unused Assets to reduce memory usage. Loaded Objects now: 2605.
Total: 6.092900 ms (FindLiveObjects: 0.461700 ms CreateObjectMapping: 0.126900 ms MarkObjects: 5.350200 ms  DeleteObjects: 0.152500 ms)

AssetImportParameters requested are different than current active one (requested -> active):
  custom:graphics/normal-map-encoding: 01000000000000000000000000000000 -> 02000000000000000000000000000000
========================================================================
Received Prepare
Registering precompiled user dll's ...
Registered in 0.000816 seconds.
Begin MonoManager ReloadAssembly
Native extension for WindowsStandalone target not found
Refreshing native plugins compatible for Editor in 0.48 ms, found 1 plugins.
Preloading 0 native plugins for Editor in 0.00 ms.
Mono: successfully reloaded assembly
- Completed reload, in  1.064 seconds
Platform modules already initialized, skipping
Switching build target platform(5) subTarget(0) extendedPlatform(0) -> platform(13) subTarget(537395200) extendedPlatform(0)
Refreshing native plugins compatible for Editor in 0.82 ms, found 1 plugins.
Preloading 0 native plugins for Editor in 0.00 ms.
Unloading 2105 Unused Serialized files (Serialized files now loaded: 0)
System memory in use before: 96.7 MB.
System memory in use after: 96.6 MB.

Unloading 21 unused Assets to reduce memory usage. Loaded Objects now: 2609.
Total: 5.282400 ms (FindLiveObjects: 0.292700 ms CreateObjectMapping: 0.074000 ms MarkObjects: 4.781300 ms  DeleteObjects: 0.133400 ms)

AssetImportParameters requested are different than current active one (requested -> active):
  custom:graphics/normal-map-encoding: 01000000000000000000000000000000 -> 02000000000000000000000000000000
========================================================================
Received Prepare
Registering precompiled user dll's ...
Registered in 0.000787 seconds.
Begin MonoManager ReloadAssembly
Native extension for WindowsStandalone target not found
Refreshing native plugins compatible for Editor in 0.75 ms, found 1 plugins.
Preloading 0 native plugins for Editor in 0.00 ms.
Mono: successfully reloaded assembly
- Completed reload, in  1.249 seconds
Platform modules already initialized, skipping
Switching build target platform(5) subTarget(0) extendedPlatform(0) -> platform(13) subTarget(537395200) extendedPlatform(0)
Refreshing native plugins compatible for Editor in 0.83 ms, found 1 plugins.
Preloading 0 native plugins for Editor in 0.00 ms.
Unloading 2105 Unused Serialized files (Serialized files now loaded: 0)
System memory in use before: 96.7 MB.
System memory in use after: 96.6 MB.

Unloading 21 unused Assets to reduce memory usage. Loaded Objects now: 2613.
Total: 7.582500 ms (FindLiveObjects: 0.217800 ms CreateObjectMapping: 0.092600 ms MarkObjects: 7.086300 ms  DeleteObjects: 0.184400 ms)

AssetImportParameters requested are different than current active one (requested -> active):
  custom:graphics/normal-map-encoding: 01000000000000000000000000000000 -> 02000000000000000000000000000000
AssetImportWorkerClient::OnTransportError - code=2 error=End of file
